app/build/outputs/logs/manifest-merger-debug-report.txt
-- Merging decision tree log ---
manifest
ADDED from src/main/AndroidManifest.xml:2:1-127:12
	package
		ADDED from src/main/AndroidManifest.xml:3:7-41
		INJECTED from src/main/AndroidManifest.xml
		INJECTED from src/main/AndroidManifest.xml
	android:versionName
		ADDED from src/main/AndroidManifest.xml:5:7-32
		INJECTED from src/main/AndroidManifest.xml
		INJECTED from src/main/AndroidManifest.xml
	android:versionCode
		ADDED from src/main/AndroidManifest.xml:4:7-30
		INJECTED from src/main/AndroidManifest.xml
		INJECTED from src/main/AndroidManifest.xml
	xmlns:android
		ADDED from src/main/AndroidManifest.xml:2:11-69
uses-sdk
ADDED from src/main/AndroidManifest.xml:6:5-43
	android:targetSdkVersion
		INJECTED from src/main/AndroidManifest.xml
		INJECTED from src/main/AndroidManifest.xml
	android:minSdkVersion
		ADDED from src/main/AndroidManifest.xml:6:15-40
		INJECTED from src/main/AndroidManifest.xml
		INJECTED from src/main/AndroidManifest.xml
permission#com.skanderjabouzi.salat.SEND_SALATTIME_NOTIFICATIONS
ADDED from src/main/AndroidManifest.xml:8:5-12:52
	android:label
		ADDED from src/main/AndroidManifest.xml:9:17-82
	android:protectionLevel
		ADDED from src/main/AndroidManifest.xml:12:17-49
	android:permissionGroup
		ADDED from src/main/AndroidManifest.xml:11:17-81
	android:description
		ADDED from src/main/AndroidManifest.xml:10:17-94
	android:name
		ADDED from src/main/AndroidManifest.xml:8:17-85
permission#com.skanderjabouzi.salat.RECEIVE_SALATTIME_NOTIFICATIONS
ADDED from src/main/AndroidManifest.xml:14:5-18:52
	android:label
		ADDED from src/main/AndroidManifest.xml:15:17-85
	android:protectionLevel
		ADDED from src/main/AndroidManifest.xml:18:17-49
	android:permissionGroup
		ADDED from src/main/AndroidManifest.xml:17:17-81
	android:description
		ADDED from src/main/AndroidManifest.xml:16:17-97
	android:name
		ADDED from src/main/AndroidManifest.xml:14:17-88
permission#com.skanderjabouzi.salat.SEND_LOCATION_NOTIFICATIONS
ADDED from src/main/AndroidManifest.xml:20:5-24:52
	android:label
		ADDED from src/main/AndroidManifest.xml:21:17-85
	android:protectionLevel
		ADDED from src/main/AndroidManifest.xml:24:17-49
	android:permissionGroup
		ADDED from src/main/AndroidManifest.xml:23:17-81
	android:description
		ADDED from src/main/AndroidManifest.xml:22:17-97
	android:name
		ADDED from src/main/AndroidManifest.xml:20:17-84
permission#com.skanderjabouzi.salat.RECEIVE_LOCATION_NOTIFICATIONS
ADDED from src/main/AndroidManifest.xml:26:5-30:52
	android:label
		ADDED from src/main/AndroidManifest.xml:27:17-88
	android:protectionLevel
		ADDED from src/main/AndroidManifest.xml:30:17-49
	android:permissionGroup
		ADDED from src/main/AndroidManifest.xml:29:17-81
	android:description
		ADDED from src/main/AndroidManifest.xml:28:17-100
	android:name
		ADDED from src/main/AndroidManifest.xml:26:17-87
permission#com.skanderjabouzi.salat.SEND_PHONE_NOTIFICATIONS
ADDED from src/main/AndroidManifest.xml:32:5-36:52
	android:label
		ADDED from src/main/AndroidManifest.xml:33:17-82
	android:protectionLevel
		ADDED from src/main/AndroidManifest.xml:36:17-49
	android:permissionGroup
		ADDED from src/main/AndroidManifest.xml:35:17-81
	android:description
		ADDED from src/main/AndroidManifest.xml:34:17-94
	android:name
		ADDED from src/main/AndroidManifest.xml:32:17-81
permission#com.skanderjabouzi.salat.RECEIVE_PHONE_NOTIFICATIONS
ADDED from src/main/AndroidManifest.xml:38:5-42:52
	android:label
		ADDED from src/main/AndroidManifest.xml:39:17-85
	android:protectionLevel
		ADDED from src/main/AndroidManifest.xml:42:17-49
	android:permissionGroup
		ADDED from src/main/AndroidManifest.xml:41:17-81
	android:description
		ADDED from src/main/AndroidManifest.xml:40:17-97
	android:name
		ADDED from src/main/AndroidManifest.xml:38:17-84
uses-permission#android.permission.INTERNET
ADDED from src/main/AndroidManifest.xml:44:5-67
	android:name
		ADDED from src/main/AndroidManifest.xml:44:22-64
uses-permission#android.permission.WAKE_LOCK
ADDED from src/main/AndroidManifest.xml:45:5-68
	android:name
		ADDED from src/main/AndroidManifest.xml:45:22-65
uses-permission#android.permission.VIBRATE
ADDED from src/main/AndroidManifest.xml:46:5-66
	android:name
		ADDED from src/main/AndroidManifest.xml:46:22-63
uses-permission#android.permission.RECEIVE_BOOT_COMPLETED
ADDED from src/main/AndroidManifest.xml:47:5-81
	android:name
		ADDED from src/main/AndroidManifest.xml:47:22-78
uses-permission#android.permission.ACCESS_FINE_LOCATION
ADDED from src/main/AndroidManifest.xml:48:5-79
	android:name
		ADDED from src/main/AndroidManifest.xml:48:22-76
uses-permission#android.permission.ACCESS_COARSE_LOCATION
ADDED from src/main/AndroidManifest.xml:49:2-78
	android:name
		ADDED from src/main/AndroidManifest.xml:49:19-75
uses-permission#android.permission.READ_PHONE_STATE
ADDED from src/main/AndroidManifest.xml:50:5-75
	android:name
		ADDED from src/main/AndroidManifest.xml:50:22-72
uses-permission#android.permission.SET_TIME
ADDED from src/main/AndroidManifest.xml:51:5-67
	android:name
		ADDED from src/main/AndroidManifest.xml:51:22-64
uses-permission#android.permission.SET_TIME_ZONE
ADDED from src/main/AndroidManifest.xml:52:5-72
	android:name
		ADDED from src/main/AndroidManifest.xml:52:22-69
uses-permission#android.permission.ACCESS_NETWORK_STATE
ADDED from src/main/AndroidManifest.xml:53:5-79
	android:name
		ADDED from src/main/AndroidManifest.xml:53:22-76
uses-permission#android.permission.WRITE_EXTERNAL_STORAGE
ADDED from src/main/AndroidManifest.xml:54:5-80
	android:name
		ADDED from src/main/AndroidManifest.xml:54:22-78
uses-permission#com.skanderjabouzi.salat.SEND_SALATTIME_NOTIFICATIONS
ADDED from src/main/AndroidManifest.xml:56:5-93
	android:name
		ADDED from src/main/AndroidManifest.xml:56:22-90
uses-permission#com.skanderjabouzi.salat.RECEIVE_SALATTIME_NOTIFICATIONS
ADDED from src/main/AndroidManifest.xml:57:5-96
	android:name
		ADDED from src/main/AndroidManifest.xml:57:22-93
uses-permission#com.skanderjabouzi.salat.SEND_LOCATION_NOTIFICATIONS
ADDED from src/main/AndroidManifest.xml:58:5-92
	android:name
		ADDED from src/main/AndroidManifest.xml:58:22-89
uses-permission#com.skanderjabouzi.salat.RECEIVE_LOCATION_NOTIFICATIONS
ADDED from src/main/AndroidManifest.xml:59:5-95
	android:name
		ADDED from src/main/AndroidManifest.xml:59:22-92
application
ADDED from src/main/AndroidManifest.xml:62:5-126:19
	android:label
		ADDED from src/main/AndroidManifest.xml:62:54-86
	android:icon
		ADDED from src/main/AndroidManifest.xml:62:18-53
activity#com.skanderjabouzi.salat.SalatActivity
ADDED from src/main/AndroidManifest.xml:64:9-73:20
	android:screenOrientation
		ADDED from src/main/AndroidManifest.xml:66:19-55
	android:label
		ADDED from src/main/AndroidManifest.xml:65:19-51
	android:launchMode
		ADDED from src/main/AndroidManifest.xml:67:19-49
	android:theme
		ADDED from src/main/AndroidManifest.xml:68:19-83
	android:name
		ADDED from src/main/AndroidManifest.xml:64:19-72
intent-filter#android.intent.action.MAIN+android.intent.category.LAUNCHER
ADDED from src/main/AndroidManifest.xml:69:13-72:29
action#android.intent.action.MAIN
ADDED from src/main/AndroidManifest.xml:70:17-69
	android:name
		ADDED from src/main/AndroidManifest.xml:70:25-66
category#android.intent.category.LAUNCHER
ADDED from src/main/AndroidManifest.xml:71:17-77
	android:name
		ADDED from src/main/AndroidManifest.xml:71:27-74
activity#com.skanderjabouzi.salat.LocationActivity
ADDED from src/main/AndroidManifest.xml:75:5-77:43
	android:screenOrientation
		ADDED from src/main/AndroidManifest.xml:77:4-40
	android:label
		ADDED from src/main/AndroidManifest.xml:75:72-109
	android:theme
		ADDED from src/main/AndroidManifest.xml:76:4-68
	android:name
		ADDED from src/main/AndroidManifest.xml:75:15-71
activity#com.skanderjabouzi.salat.OptionsActivity
ADDED from src/main/AndroidManifest.xml:78:5-80:43
	android:screenOrientation
		ADDED from src/main/AndroidManifest.xml:80:4-40
	android:label
		ADDED from src/main/AndroidManifest.xml:78:71-107
	android:theme
		ADDED from src/main/AndroidManifest.xml:79:4-68
	android:name
		ADDED from src/main/AndroidManifest.xml:78:15-70
activity#com.skanderjabouzi.salat.SalatQibla
ADDED from src/main/AndroidManifest.xml:81:5-83:43
	android:screenOrientation
		ADDED from src/main/AndroidManifest.xml:83:4-40
	android:label
		ADDED from src/main/AndroidManifest.xml:81:66-105
	android:theme
		ADDED from src/main/AndroidManifest.xml:82:4-68
	android:name
		ADDED from src/main/AndroidManifest.xml:81:15-65
activity#com.skanderjabouzi.salat.MediaPlayerVideo
ADDED from src/main/AndroidManifest.xml:84:5-85:71
	android:screenOrientation
		ADDED from src/main/AndroidManifest.xml:84:72-109
	android:theme
		ADDED from src/main/AndroidManifest.xml:85:4-68
	android:name
		ADDED from src/main/AndroidManifest.xml:84:15-71
activity#com.skanderjabouzi.salat.Video
ADDED from src/main/AndroidManifest.xml:86:5-87:106
	android:screenOrientation
		ADDED from src/main/AndroidManifest.xml:86:61-98
	android:configChanges
		ADDED from src/main/AndroidManifest.xml:87:69-104
	android:theme
		ADDED from src/main/AndroidManifest.xml:87:4-68
	android:name
		ADDED from src/main/AndroidManifest.xml:86:15-60
activity#com.skanderjabouzi.salat.NextActivity
ADDED from src/main/AndroidManifest.xml:88:5-90:43
	android:screenOrientation
		ADDED from src/main/AndroidManifest.xml:90:4-40
	android:label
		ADDED from src/main/AndroidManifest.xml:88:68-101
	android:theme
		ADDED from src/main/AndroidManifest.xml:89:4-68
	android:name
		ADDED from src/main/AndroidManifest.xml:88:15-67
activity#com.skanderjabouzi.salat.HijriActivity
ADDED from src/main/AndroidManifest.xml:91:5-93:43
	android:screenOrientation
		ADDED from src/main/AndroidManifest.xml:93:4-40
	android:label
		ADDED from src/main/AndroidManifest.xml:91:69-103
	android:theme
		ADDED from src/main/AndroidManifest.xml:92:4-68
	android:name
		ADDED from src/main/AndroidManifest.xml:91:15-68
activity#com.skanderjabouzi.salat.SettingsActivity
ADDED from src/main/AndroidManifest.xml:94:5-96:43
	android:screenOrientation
		ADDED from src/main/AndroidManifest.xml:96:4-40
	android:label
		ADDED from src/main/AndroidManifest.xml:94:72-109
	android:theme
		ADDED from src/main/AndroidManifest.xml:95:4-68
	android:name
		ADDED from src/main/AndroidManifest.xml:94:15-71
service#com.skanderjabouzi.salat.AdhanService
ADDED from src/main/AndroidManifest.xml:98:5-91
	android:enabled
		ADDED from src/main/AndroidManifest.xml:98:67-89
	android:name
		ADDED from src/main/AndroidManifest.xml:98:14-66
service#com.skanderjabouzi.salat.LocationService
ADDED from src/main/AndroidManifest.xml:99:5-94
	android:enabled
		ADDED from src/main/AndroidManifest.xml:99:70-92
	android:name
		ADDED from src/main/AndroidManifest.xml:99:14-69
receiver#com.skanderjabouzi.salat.SalatBootReceiver
ADDED from src/main/AndroidManifest.xml:101:5-105:16
	android:name
		ADDED from src/main/AndroidManifest.xml:101:15-72
intent-filter#android.intent.action.BOOT_COMPLETED
ADDED from src/main/AndroidManifest.xml:102:7-104:23
action#android.intent.action.BOOT_COMPLETED
ADDED from src/main/AndroidManifest.xml:103:4-66
	android:name
		ADDED from src/main/AndroidManifest.xml:103:12-63
receiver#com.skanderjabouzi.salat.SalatPhoneReceiver
ADDED from src/main/AndroidManifest.xml:107:5-111:16
	android:name
		ADDED from src/main/AndroidManifest.xml:107:15-48
intent-filter#android.intent.action.PHONE_STATE
ADDED from src/main/AndroidManifest.xml:108:9-110:25
action#android.intent.action.PHONE_STATE
ADDED from src/main/AndroidManifest.xml:109:4-63
	android:name
		ADDED from src/main/AndroidManifest.xml:109:12-60
receiver#com.skanderjabouzi.salat.SalatTimeReciever
ADDED from src/main/AndroidManifest.xml:113:5-117:16
	android:name
		ADDED from src/main/AndroidManifest.xml:113:15-72
intent-filter#android.intent.action.TIME_SET
ADDED from src/main/AndroidManifest.xml:114:9-116:25
action#android.intent.action.TIME_SET
ADDED from src/main/AndroidManifest.xml:115:4-60
	android:name
		ADDED from src/main/AndroidManifest.xml:115:12-57
receiver#com.skanderjabouzi.salat.NetworkReceiver
ADDED from src/main/AndroidManifest.xml:119:5-124:16
	android:name
		ADDED from src/main/AndroidManifest.xml:119:15-70
intent-filter#android.intent.action.TIMEZONE_CHANGED+android.net.conn.CONNECTIVITY_CHANGE
ADDED from src/main/AndroidManifest.xml:120:3-123:19
action#android.intent.action.TIMEZONE_CHANGED
ADDED from src/main/AndroidManifest.xml:121:4-68
	android:name
		ADDED from src/main/AndroidManifest.xml:121:12-65
action#android.net.conn.CONNECTIVITY_CHANGE
ADDED from src/main/AndroidManifest.xml:122:4-66
	android:name
		ADDED from src/main/AndroidManifest.xml:122:12-63